[debug] [2020-04-25T06:46:52.095Z] ----------------------------------------------------------------------
[debug] [2020-04-25T06:46:52.103Z] Command:       C:\Program Files\nodejs\node.exe C:\Users\Abhishek\AppData\Roaming\npm\node_modules\firebase-tools\lib\bin\firebase.js deploy
[debug] [2020-04-25T06:46:52.105Z] CLI Version:   8.0.1
[debug] [2020-04-25T06:46:52.105Z] Platform:      win32
[debug] [2020-04-25T06:46:52.105Z] Node Version:  v12.16.1
[debug] [2020-04-25T06:46:52.108Z] Time:          Sat Apr 25 2020 01:46:52 GMT-0500 (Central Daylight Time)
[debug] [2020-04-25T06:46:52.109Z] ----------------------------------------------------------------------
[debug] [2020-04-25T06:46:52.110Z] 
[debug] [2020-04-25T06:46:52.181Z] > command requires scopes: ["email","openid","https://www.googleapis.com/auth/cloudplatformprojects.readonly","https://www.googleapis.com/auth/firebase","https://www.googleapis.com/auth/cloud-platform"]
[debug] [2020-04-25T06:46:52.182Z] > authorizing via signed-in user
[debug] [2020-04-25T06:46:52.182Z] [iam] checking project abhishekdssite for permissions ["firebase.projects.get","firebasehosting.sites.update"]
[debug] [2020-04-25T06:46:52.184Z] > refreshing access token with scopes: ["email","https://www.googleapis.com/auth/cloud-platform","https://www.googleapis.com/auth/cloudplatformprojects.readonly","https://www.googleapis.com/auth/firebase","openid"]
[debug] [2020-04-25T06:46:52.184Z] >>> HTTP REQUEST POST https://www.googleapis.com/oauth2/v3/token  
 <request body omitted>
[debug] [2020-04-25T06:46:53.451Z] <<< HTTP RESPONSE 200 {"content-type":"application/json; charset=utf-8","vary":"X-Origin, Referer, Origin,Accept-Encoding","date":"Sat, 25 Apr 2020 06:46:53 GMT","server":"scaffolding on HTTPServer2","cache-control":"private","x-xss-protection":"0","x-frame-options":"SAMEORIGIN","x-content-type-options":"nosniff","alt-svc":"quic=\":443\"; ma=2592000; v=\"46,43\",h3-Q050=\":443\"; ma=2592000,h3-Q049=\":443\"; ma=2592000,h3-Q048=\":443\"; ma=2592000,h3-Q046=\":443\"; ma=2592000,h3-Q043=\":443\"; ma=2592000,h3-T050=\":443\"; ma=2592000","accept-ranges":"none","transfer-encoding":"chunked"}
[debug] [2020-04-25T06:46:53.482Z] >>> HTTP REQUEST POST https://cloudresourcemanager.googleapis.com/v1/projects/abhishekdssite:testIamPermissions  
 {"permissions":["firebase.projects.get","firebasehosting.sites.update"]}
[debug] [2020-04-25T06:46:55.655Z] <<< HTTP RESPONSE 200 {"content-type":"application/json; charset=UTF-8","vary":"X-Origin, Referer, Origin,Accept-Encoding","date":"Sat, 25 Apr 2020 06:46:55 GMT","server":"ESF","cache-control":"private","x-xss-protection":"0","x-frame-options":"SAMEORIGIN","x-content-type-options":"nosniff","server-timing":"gfet4t7; dur=58","alt-svc":"quic=\":443\"; ma=2592000; v=\"46,43\",h3-Q050=\":443\"; ma=2592000,h3-Q049=\":443\"; ma=2592000,h3-Q048=\":443\"; ma=2592000,h3-Q046=\":443\"; ma=2592000,h3-Q043=\":443\"; ma=2592000,h3-T050=\":443\"; ma=2592000","accept-ranges":"none","transfer-encoding":"chunked"}
[debug] [2020-04-25T06:46:55.659Z] >>> HTTP REQUEST GET https://firebase.googleapis.com/v1beta1/projects/abhishekdssite  
 
[debug] [2020-04-25T06:46:55.978Z] <<< HTTP RESPONSE 200 {"content-type":"application/json; charset=UTF-8","vary":"X-Origin, Referer, Origin,Accept-Encoding","date":"Sat, 25 Apr 2020 06:46:56 GMT","server":"ESF","cache-control":"private","x-xss-protection":"0","x-frame-options":"SAMEORIGIN","x-content-type-options":"nosniff","alt-svc":"quic=\":443\"; ma=2592000; v=\"46,43\",h3-Q050=\":443\"; ma=2592000,h3-Q049=\":443\"; ma=2592000,h3-Q048=\":443\"; ma=2592000,h3-Q046=\":443\"; ma=2592000,h3-Q043=\":443\"; ma=2592000,h3-T050=\":443\"; ma=2592000","accept-ranges":"none","transfer-encoding":"chunked"}
[info] 
[info] === Deploying to 'abhishekdssite'...
[info] 
[info] i  deploying hosting
[debug] [2020-04-25T06:46:56.606Z] >>> HTTP REQUEST POST https://firebasehosting.googleapis.com/v1beta1/sites/abhishekdssite/versions  
 {"config":{},"labels":{"deployment-tool":"cli-firebase"}}
[debug] [2020-04-25T06:46:57.324Z] <<< HTTP RESPONSE 200 {"content-type":"application/json; charset=UTF-8","vary":"X-Origin, Referer, Origin,Accept-Encoding","date":"Sat, 25 Apr 2020 06:46:57 GMT","server":"ESF","cache-control":"private","x-xss-protection":"0","x-frame-options":"SAMEORIGIN","x-content-type-options":"nosniff","alt-svc":"quic=\":443\"; ma=2592000; v=\"46,43\",h3-Q050=\":443\"; ma=2592000,h3-Q049=\":443\"; ma=2592000,h3-Q048=\":443\"; ma=2592000,h3-Q046=\":443\"; ma=2592000,h3-Q043=\":443\"; ma=2592000,h3-T050=\":443\"; ma=2592000","accept-ranges":"none","transfer-encoding":"chunked"}
